[2017-01-27 10:38:53] logger.INFO: Display sign in page. [] []
[2017-01-27 10:57:58] logger.INFO: Validation error occured in class "App\Libraries\AuthSecure" in method "signIn()" at line "66" with message: Your credentials are not correct. Please try again. [] []
[2017-01-27 10:58:59] logger.INFO: Validation error occured in class "App\Libraries\AuthSecure" in method "signIn" at line "66" with message: Your credentials are not correct. Please try again. [] []
[2017-01-27 11:08:28] logger.INFO: User entered method "getSignIn" in "App\Controller\AuthSecureController" at line "25" [] []
[2017-01-27 11:09:15] logger.INFO: User entered method "postSignIn" in "App\Controller\AuthSecureController" at line "39" [] []
[2017-01-27 11:09:15] logger.INFO: Validation error occured in class "App\Libraries\AuthSecure" in method "signIn" at line "73" with message: Your credentials are not correct. Please try again. [] []
[2017-01-27 11:09:15] logger.INFO: User entered method "getSignIn" in "App\Controller\AuthSecureController" at line "25" [] []
[2017-01-27 11:09:17] logger.INFO: User entered method "postSignIn" in "App\Controller\AuthSecureController" at line "39" [] []
[2017-01-27 11:09:17] logger.INFO: Validation error occured in class "App\Libraries\AuthSecure" in method "signIn" at line "91" with message: There were already to many failed login attempts. Please wait 5 minutes und try again. [] []
[2017-01-27 11:09:17] logger.INFO: User entered method "getSignIn" in "App\Controller\AuthSecureController" at line "25" [] []
[2017-01-27 11:09:54] logger.INFO: User entered method "getSignIn" in "App\Controller\AuthSecureController" at line "25" [] []
[2017-01-27 11:09:57] logger.INFO: User entered method "getSignIn" in "App\Controller\AuthSecureController" at line "25" [] []
[2017-01-27 11:14:14] logger.INFO: User entered method "getSignIn" in "App\Controller\AuthSecureController" at line "25" [] []
[2017-01-27 11:14:15] logger.INFO: User entered method "getDocumentation" in "App\Controller\PageController" at line "41" [] []
[2017-01-27 11:14:17] logger.INFO: User entered method "getJournal" in "App\Controller\PageController" at line "54" [] []
[2017-01-27 11:16:36] logger.INFO: User entered method "getJournal" in "App\Controller\PageController" at line "54" [] []
[2017-01-27 11:44:31] logger.INFO: User entered method "getJournal" in "App\Controller\PageController" at line "54" [] []
[2017-01-27 11:44:38] logger.INFO: User entered method "getDocumentation" in "App\Controller\PageController" at line "41" [] []
[2017-01-27 11:49:28] logger.INFO: User entered method "getDocumentation" in "App\Controller\PageController" at line "41" [] []
[2017-01-27 11:50:48] logger.INFO: User entered method "getDocumentation" in "App\Controller\PageController" at line "41" [] []
[2017-01-27 11:50:51] logger.INFO: User entered method "getSignIn" in "App\Controller\AuthSecureController" at line "25" [] []
[2017-01-27 11:50:58] logger.INFO: User entered method "postSignIn" in "App\Controller\AuthSecureController" at line "39" [] []
[2017-01-27 11:50:58] logger.INFO: User entered method "getMoviesSecure" in "App\Controller\MovieSecureController" at line "24" [] []
[2017-01-27 11:51:14] logger.INFO: User entered method "addMovie" in "App\Controller\MovieSecureController" at line "54" [] []
[2017-01-27 11:51:17] logger.INFO: User entered method "getMoviesSecure" in "App\Controller\MovieSecureController" at line "24" [] []
[2017-01-27 11:51:21] logger.INFO: User entered method "getSignOut" in "App\Controller\AuthSecureController" at line "232" [] []
[2017-01-27 11:51:21] logger.INFO: User entered method "getSignIn" in "App\Controller\AuthSecureController" at line "25" [] []
[2017-01-27 11:51:22] logger.INFO: User entered method "getJournal" in "App\Controller\PageController" at line "54" [] []
[2017-01-27 11:51:24] logger.INFO: User entered method "getDocumentation" in "App\Controller\PageController" at line "41" [] []
